app/build/intermediates/manifest_merge_blame_file/release/manifest-merger-blame-release-report.txt
1<?xml version="1.0" encoding="utf-8"?>
2<manifest xmlns:android="http://schemas.android.com/apk/res/android"
3    package="com.rambo.ramcryptr"
4    android:versionCode="2"
5    android:versionName="3.1.1" >
6
7    <uses-sdk
8        android:minSdkVersion="24"
8-->src/main/AndroidManifest.xml
9        android:targetSdkVersion="33" />
9-->src/main/AndroidManifest.xml
10
11    <uses-permission android:name="android.permission.RECORD_AUDIO" />
11-->src/main/AndroidManifest.xml:5:5-70
11-->src/main/AndroidManifest.xml:5:22-68
12
13    <!-- 🔔 Notification permission -->
14    <uses-permission android:name="android.permission.POST_NOTIFICATIONS" />
14-->src/main/AndroidManifest.xml:9:5-76
14-->src/main/AndroidManifest.xml:9:22-74
15
16    <!-- Optional (future overlay) -->
17    <uses-permission android:name="android.permission.SYSTEM_ALERT_WINDOW" />
17-->src/main/AndroidManifest.xml:12:5-77
17-->src/main/AndroidManifest.xml:12:22-75
18
19    <permission
19-->[androidx.core:core:1.10.1] AndroidManifest.xml:22:5-24:47
20        android:name="com.rambo.ramcryptr.DYNAMIC_RECEIVER_NOT_EXPORTED_PERMISSION"
20-->[androidx.core:core:1.10.1] AndroidManifest.xml:23:9-81
21        android:protectionLevel="signature" />
21-->[androidx.core:core:1.10.1] AndroidManifest.xml:24:9-44
22
23    <uses-permission android:name="com.rambo.ramcryptr.DYNAMIC_RECEIVER_NOT_EXPORTED_PERMISSION" />
23-->[androidx.core:core:1.10.1] AndroidManifest.xml:26:5-97
23-->[androidx.core:core:1.10.1] AndroidManifest.xml:26:22-94
24
25    <application
25-->src/main/AndroidManifest.xml:14:5-112:19
26        android:allowBackup="true"
26-->src/main/AndroidManifest.xml:15:9-35
27        android:appComponentFactory="androidx.core.app.CoreComponentFactory"
27-->[androidx.core:core:1.10.1] AndroidManifest.xml:28:18-86
28        android:extractNativeLibs="false"
29        android:label="RAMcryptr"
29-->src/main/AndroidManifest.xml:16:9-34
30        android:supportsRtl="true"
30-->src/main/AndroidManifest.xml:17:9-35
31        android:theme="@style/Theme.AppCompat.Light.NoActionBar" >
31-->src/main/AndroidManifest.xml:18:9-65
32
33        <!-- FileProvider -->
34        <provider
34-->src/main/AndroidManifest.xml:21:9-29:20
35            android:name="androidx.core.content.FileProvider"
35-->src/main/AndroidManifest.xml:22:13-62
36            android:authorities="com.rambo.ramcryptr.provider"
36-->src/main/AndroidManifest.xml:23:13-63
37            android:exported="false"
37-->src/main/AndroidManifest.xml:24:13-37
38            android:grantUriPermissions="true" >
38-->src/main/AndroidManifest.xml:25:13-47
39            <meta-data
39-->src/main/AndroidManifest.xml:26:13-28:53
40                android:name="android.support.FILE_PROVIDER_PATHS"
40-->src/main/AndroidManifest.xml:27:17-67
41                android:resource="@xml/file_paths" />
41-->src/main/AndroidManifest.xml:28:17-51
42        </provider>
43
44        <activity
44-->src/main/AndroidManifest.xml:32:9-34:38
45            android:name="com.rambo.ramcryptr.WelcomeActivity"
45-->src/main/AndroidManifest.xml:33:13-44
46            android:exported="true" />
46-->src/main/AndroidManifest.xml:34:13-36
47
48        <!-- MAIN -->
49        <activity
49-->src/main/AndroidManifest.xml:38:9-56:20
50            android:name="com.rambo.ramcryptr.MainActivity"
50-->src/main/AndroidManifest.xml:38:19-47
51            android:exported="true" >
51-->src/main/AndroidManifest.xml:38:48-71
52            <intent-filter>
52-->src/main/AndroidManifest.xml:39:13-42:29
53                <action android:name="android.intent.action.MAIN" />
53-->src/main/AndroidManifest.xml:40:17-68
53-->src/main/AndroidManifest.xml:40:25-66
54
55                <category android:name="android.intent.category.LAUNCHER" />
55-->src/main/AndroidManifest.xml:41:17-76
55-->src/main/AndroidManifest.xml:41:27-74
56            </intent-filter>
57            <intent-filter>
57-->src/main/AndroidManifest.xml:44:13-49:29
58                <action android:name="android.intent.action.VIEW" />
58-->src/main/AndroidManifest.xml:45:17-68
58-->src/main/AndroidManifest.xml:45:25-66
59
60                <category android:name="android.intent.category.DEFAULT" />
60-->src/main/AndroidManifest.xml:46:17-75
60-->src/main/AndroidManifest.xml:46:27-73
61                <category android:name="android.intent.category.BROWSABLE" />
61-->src/main/AndroidManifest.xml:47:17-77
61-->src/main/AndroidManifest.xml:47:27-75
62
63                <data android:mimeType="*/*" />
63-->src/main/AndroidManifest.xml:48:17-47
63-->src/main/AndroidManifest.xml:48:23-45
64            </intent-filter>
65            <intent-filter>
65-->src/main/AndroidManifest.xml:51:13-55:29
66                <action android:name="android.intent.action.SEND" />
66-->src/main/AndroidManifest.xml:52:17-68
66-->src/main/AndroidManifest.xml:52:25-66
67
68                <category android:name="android.intent.category.DEFAULT" />
68-->src/main/AndroidManifest.xml:46:17-75
68-->src/main/AndroidManifest.xml:46:27-73
69
70                <data android:mimeType="*/*" />
70-->src/main/AndroidManifest.xml:48:17-47
70-->src/main/AndroidManifest.xml:48:23-45
71            </intent-filter>
72        </activity>
73
74        <!-- 🆕 MINI TOOL POPUP -->
75        <activity
75-->src/main/AndroidManifest.xml:59:9-62:66
76            android:name="com.rambo.ramcryptr.MiniToolActivity"
76-->src/main/AndroidManifest.xml:60:13-45
77            android:exported="true"
77-->src/main/AndroidManifest.xml:61:13-36
78            android:theme="@style/Theme.AppCompat.Light.Dialog" />
78-->src/main/AndroidManifest.xml:62:13-64
79
80        <!-- FILE -->
81        <activity
81-->src/main/AndroidManifest.xml:65:9-80
82            android:name="com.rambo.ramcryptr.FileEncryptActivity"
82-->src/main/AndroidManifest.xml:65:19-54
83            android:exported="true" />
83-->src/main/AndroidManifest.xml:65:55-78
84        <activity
84-->src/main/AndroidManifest.xml:66:9-80
85            android:name="com.rambo.ramcryptr.FileDecryptActivity"
85-->src/main/AndroidManifest.xml:66:19-54
86            android:exported="true" />
86-->src/main/AndroidManifest.xml:66:55-78
87
88        <!-- QUICK DECODE (incoming later) -->
89        <activity
89-->src/main/AndroidManifest.xml:69:9-72:74
90            android:name="com.rambo.ramcryptr.QuickDecodeActivity"
90-->src/main/AndroidManifest.xml:70:13-48
91            android:exported="true"
91-->src/main/AndroidManifest.xml:71:13-36
92            android:theme="@android:style/Theme.Translucent.NoTitleBar" />
92-->src/main/AndroidManifest.xml:72:13-72
93
94        <!-- 🔔 NOTIFICATION LISTENER -->
95        <service
95-->src/main/AndroidManifest.xml:75:9-82:19
96            android:name="com.rambo.ramcryptr.NotificationService"
96-->src/main/AndroidManifest.xml:76:13-48
97            android:exported="true"
97-->src/main/AndroidManifest.xml:78:13-36
98            android:permission="android.permission.BIND_NOTIFICATION_LISTENER_SERVICE" >
98-->src/main/AndroidManifest.xml:77:13-87
99            <intent-filter>
99-->src/main/AndroidManifest.xml:79:13-81:29
100                <action android:name="android.service.notification.NotificationListenerService" />
100-->src/main/AndroidManifest.xml:80:17-98
100-->src/main/AndroidManifest.xml:80:25-96
101            </intent-filter>
102        </service>
103
104        <!-- DISMISS RECEIVER -->
105        <receiver
105-->src/main/AndroidManifest.xml:85:9-87:38
106            android:name="com.rambo.ramcryptr.NotificationDismissReceiver"
106-->src/main/AndroidManifest.xml:86:13-56
107            android:exported="true" />
107-->src/main/AndroidManifest.xml:87:13-36
108
109        <!-- TEXT MENU -->
110        <activity
110-->src/main/AndroidManifest.xml:90:9-99:20
111            android:name="com.rambo.ramcryptr.EncodeProcessTextActivity"
111-->src/main/AndroidManifest.xml:91:13-54
112            android:exported="true"
112-->src/main/AndroidManifest.xml:92:13-36
113            android:label="Encode" >
113-->src/main/AndroidManifest.xml:93:13-35
114            <intent-filter>
114-->src/main/AndroidManifest.xml:94:13-98:29
115                <action android:name="android.intent.action.PROCESS_TEXT" />
115-->src/main/AndroidManifest.xml:95:17-76
115-->src/main/AndroidManifest.xml:95:25-74
116
117                <category android:name="android.intent.category.DEFAULT" />
117-->src/main/AndroidManifest.xml:46:17-75
117-->src/main/AndroidManifest.xml:46:27-73
118
119                <data android:mimeType="text/plain" />
119-->src/main/AndroidManifest.xml:48:17-47
119-->src/main/AndroidManifest.xml:48:23-45
120            </intent-filter>
121        </activity>
122        <activity
122-->src/main/AndroidManifest.xml:101:9-110:20
123            android:name="com.rambo.ramcryptr.DecodeProcessTextActivity"
123-->src/main/AndroidManifest.xml:102:13-54
124            android:exported="true"
124-->src/main/AndroidManifest.xml:103:13-36
125            android:label="Decode" >
125-->src/main/AndroidManifest.xml:104:13-35
126            <intent-filter>
126-->src/main/AndroidManifest.xml:94:13-98:29
127                <action android:name="android.intent.action.PROCESS_TEXT" />
127-->src/main/AndroidManifest.xml:95:17-76
127-->src/main/AndroidManifest.xml:95:25-74
128
129                <category android:name="android.intent.category.DEFAULT" />
129-->src/main/AndroidManifest.xml:46:17-75
129-->src/main/AndroidManifest.xml:46:27-73
130
131                <data android:mimeType="text/plain" />
131-->src/main/AndroidManifest.xml:48:17-47
131-->src/main/AndroidManifest.xml:48:23-45
132            </intent-filter>
133        </activity>
134
135        <provider
135-->[androidx.emoji2:emoji2:1.2.0] AndroidManifest.xml:24:9-32:20
136            android:name="androidx.startup.InitializationProvider"
136-->[androidx.emoji2:emoji2:1.2.0] AndroidManifest.xml:25:13-67
137            android:authorities="com.rambo.ramcryptr.androidx-startup"
137-->[androidx.emoji2:emoji2:1.2.0] AndroidManifest.xml:26:13-68
138            android:exported="false" >
138-->[androidx.emoji2:emoji2:1.2.0] AndroidManifest.xml:27:13-37
139            <meta-data
139-->[androidx.emoji2:emoji2:1.2.0] AndroidManifest.xml:29:13-31:52
140                android:name="androidx.emoji2.text.EmojiCompatInitializer"
140-->[androidx.emoji2:emoji2:1.2.0] AndroidManifest.xml:30:17-75
141                android:value="androidx.startup" />
141-->[androidx.emoji2:emoji2:1.2.0] AndroidManifest.xml:31:17-49
142            <meta-data
142-->[androidx.lifecycle:lifecycle-process:2.4.1] AndroidManifest.xml:31:13-33:52
143                android:name="androidx.lifecycle.ProcessLifecycleInitializer"
143-->[androidx.lifecycle:lifecycle-process:2.4.1] AndroidManifest.xml:32:17-78
144                android:value="androidx.startup" />
144-->[androidx.lifecycle:lifecycle-process:2.4.1] AndroidManifest.xml:33:17-49
145        </provider>
146    </application>
147
148</manifest>